#-----------------------------------------------------------
# Vivado v2018.3 (64-bit)
# SW Build 2405991 on Thu Dec  6 23:38:27 MST 2018
# IP Build 2404404 on Fri Dec  7 01:43:56 MST 2018
# Start of session at: Thu Jun  4 16:38:24 2020
# Process ID: 13332
# Current directory: C:/Users/Admin/Documents/Vivado Project/PSS_Searcher_v7/HELPS_vf_pss_rev_13
# Command line: vivado.exe -gui_launcher_event rodinguilauncherevent7952 C:\Users\Admin\Documents\Vivado Project\PSS_Searcher_v7\HELPS_vf_pss_rev_13\HELPS_vf_pss_rev_13.xpr
# Log file: C:/Users/Admin/Documents/Vivado Project/PSS_Searcher_v7/HELPS_vf_pss_rev_13/vivado.log
# Journal file: C:/Users/Admin/Documents/Vivado Project/PSS_Searcher_v7/HELPS_vf_pss_rev_13\vivado.jou
#-----------------------------------------------------------
start_gui
open_project {C:/Users/Admin/Documents/Vivado Project/PSS_Searcher_v7/HELPS_vf_pss_rev_13/HELPS_vf_pss_rev_13.xpr}
INFO: [Project 1-313] Project file moved from 'C:/Users/Admin/Desktop/Vivado Project/PSS_Searcher_v7/HELPS_vf_pss_rev_13' since last save.
Scanning sources...
Finished scanning sources
INFO: [IP_Flow 19-234] Refreshing IP repositories
INFO: [IP_Flow 19-1700] Loaded user IP repository 'c:/Users/Admin/Documents/Vivado Project/PSS_Searcher_v7/AXI_Slave_for_SFR/AXI_Slave_for_SFR.srcs/sources_1/new'.
INFO: [IP_Flow 19-2313] Loaded Vivado IP repository 'C:/Xilinx/Vivado/2018.3/data/ip'.
open_project: Time (s): cpu = 00:00:31 ; elapsed = 00:00:20 . Memory (MB): peak = 911.984 ; gain = 256.902
update_compile_order -fileset sources_1
launch_sdk -workspace {C:/Users/Admin/Documents/Vivado Project/PSS_Searcher_v7/HELPS_vf_pss_rev_13/HELPS_vf_pss_rev_13.sdk} -hwspec {C:/Users/Admin/Documents/Vivado Project/PSS_Searcher_v7/HELPS_vf_pss_rev_13/HELPS_vf_pss_rev_13.sdk/top.hdf}
INFO: [Vivado 12-393] Launching SDK...
INFO: [Vivado 12-417] Running xsdk -workspace C:/Users/Admin/Documents/Vivado Project/PSS_Searcher_v7/HELPS_vf_pss_rev_13/HELPS_vf_pss_rev_13.sdk -hwspec C:/Users/Admin/Documents/Vivado Project/PSS_Searcher_v7/HELPS_vf_pss_rev_13/HELPS_vf_pss_rev_13.sdk/top.hdf
INFO: [Vivado 12-3157] SDK launch initiated. Please check console for any further messages.
launch_sdk -workspace {C:/Users/Admin/Documents/Vivado Project/PSS_Searcher_v7/HELPS_vf_pss_rev_13/HELPS_vf_pss_rev_13.sdk} -hwspec {C:/Users/Admin/Documents/Vivado Project/PSS_Searcher_v7/HELPS_vf_pss_rev_13/HELPS_vf_pss_rev_13.sdk/top.hdf}
INFO: [Vivado 12-393] Launching SDK...
INFO: [Vivado 12-417] Running xsdk -workspace C:/Users/Admin/Documents/Vivado Project/PSS_Searcher_v7/HELPS_vf_pss_rev_13/HELPS_vf_pss_rev_13.sdk -hwspec C:/Users/Admin/Documents/Vivado Project/PSS_Searcher_v7/HELPS_vf_pss_rev_13/HELPS_vf_pss_rev_13.sdk/top.hdf
INFO: [Vivado 12-3157] SDK launch initiated. Please check console for any further messages.
make_wrapper -files [get_files {{C:/Users/Admin/Documents/Vivado Project/PSS_Searcher_v7/HELPS_vf_pss_rev_13/HELPS_vf_pss_rev_13.srcs/sources_1/bd/design_1/design_1.bd}}] -top
file copy -force {C:/Users/Admin/Documents/Vivado Project/PSS_Searcher_v7/HELPS_vf_pss_rev_13/HELPS_vf_pss_rev_13.runs/impl_1/top.sysdef} {C:/Users/Admin/Documents/Vivado Project/PSS_Searcher_v7/HELPS_vf_pss_rev_13/HELPS_vf_pss_rev_13.sdk/top.hdf}

launch_sdk -workspace {C:/Users/Admin/Documents/Vivado Project/PSS_Searcher_v7/HELPS_vf_pss_rev_13/HELPS_vf_pss_rev_13.sdk} -hwspec {C:/Users/Admin/Documents/Vivado Project/PSS_Searcher_v7/HELPS_vf_pss_rev_13/HELPS_vf_pss_rev_13.sdk/top.hdf}
INFO: [Vivado 12-393] Launching SDK...
INFO: [Vivado 12-417] Running xsdk -workspace C:/Users/Admin/Documents/Vivado Project/PSS_Searcher_v7/HELPS_vf_pss_rev_13/HELPS_vf_pss_rev_13.sdk -hwspec C:/Users/Admin/Documents/Vivado Project/PSS_Searcher_v7/HELPS_vf_pss_rev_13/HELPS_vf_pss_rev_13.sdk/top.hdf
INFO: [Vivado 12-3157] SDK launch initiated. Please check console for any further messages.
open_bd_design {C:/Users/Admin/Documents/Vivado Project/PSS_Searcher_v7/HELPS_vf_pss_rev_13/HELPS_vf_pss_rev_13.srcs/sources_1/bd/design_1/design_1.bd}
Adding cell -- xilinx.com:ip:zynq_ultra_ps_e:3.2 - zynq_ultra_ps_e_0
Adding cell -- xilinx.com:ip:axi_interconnect:2.1 - axi_interconnect_0
Adding cell -- xilinx.com:ip:axi_crossbar:2.1 - xbar
Adding cell -- xilinx.com:ip:axi_dwidth_converter:2.1 - auto_ds
Adding cell -- xilinx.com:ip:axi_protocol_converter:2.1 - auto_pc
Adding cell -- xilinx.com:ip:axi_dwidth_converter:2.1 - auto_ds
Adding cell -- xilinx.com:ip:axi_dwidth_converter:2.1 - auto_ds
Adding cell -- xilinx.com:ip:axi_dwidth_converter:2.1 - auto_ds
Adding cell -- xilinx.com:ip:axi_dwidth_converter:2.1 - auto_ds
Adding cell -- xilinx.com:ip:proc_sys_reset:5.0 - rst_clk_wiz_0_100M
Adding cell -- xilinx.com:ip:axi_bram_ctrl:4.1 - axi_bram_ctrl_0
Adding cell -- xilinx.com:ip:axi_bram_ctrl:4.1 - axi_bram_ctrl_1
Adding cell -- xilinx.com:ip:axi_bram_ctrl:4.1 - axi_bram_ctrl_2
Adding cell -- xilinx.com:ip:axi_bram_ctrl:4.1 - axi_bram_ctrl_3
Adding cell -- xilinx.com:user:AXI_Slave_for_SFR:1.0 - AXI_Slave_for_SFR_0
Successfully read diagram <design_1> from BD file <C:/Users/Admin/Documents/Vivado Project/PSS_Searcher_v7/HELPS_vf_pss_rev_13/HELPS_vf_pss_rev_13.srcs/sources_1/bd/design_1/design_1.bd>
open_bd_design: Time (s): cpu = 00:00:12 ; elapsed = 00:00:09 . Memory (MB): peak = 1481.684 ; gain = 106.063
make_wrapper -files [get_files {{C:/Users/Admin/Documents/Vivado Project/PSS_Searcher_v7/HELPS_vf_pss_rev_13/HELPS_vf_pss_rev_13.srcs/sources_1/bd/design_1/design_1.bd}}] -top
file mkdir {C:/Users/Admin/Documents/Vivado Project/PSS_Searcher_v7/HELPS_vf_pss_rev_13/HELPS_vf_pss_rev_13.sdk}
file copy -force {C:/Users/Admin/Documents/Vivado Project/PSS_Searcher_v7/HELPS_vf_pss_rev_13/HELPS_vf_pss_rev_13.runs/impl_1/top.sysdef} {C:/Users/Admin/Documents/Vivado Project/PSS_Searcher_v7/HELPS_vf_pss_rev_13/HELPS_vf_pss_rev_13.sdk/top.hdf}

launch_sdk -workspace {C:/Users/Admin/Documents/Vivado Project/PSS_Searcher_v7/HELPS_vf_pss_rev_13/HELPS_vf_pss_rev_13.sdk} -hwspec {C:/Users/Admin/Documents/Vivado Project/PSS_Searcher_v7/HELPS_vf_pss_rev_13/HELPS_vf_pss_rev_13.sdk/top.hdf}
INFO: [Vivado 12-393] Launching SDK...
INFO: [Vivado 12-417] Running xsdk -workspace C:/Users/Admin/Documents/Vivado Project/PSS_Searcher_v7/HELPS_vf_pss_rev_13/HELPS_vf_pss_rev_13.sdk -hwspec C:/Users/Admin/Documents/Vivado Project/PSS_Searcher_v7/HELPS_vf_pss_rev_13/HELPS_vf_pss_rev_13.sdk/top.hdf
INFO: [Vivado 12-3157] SDK launch initiated. Please check console for any further messages.
file copy -force {C:/Users/Admin/Documents/Vivado Project/PSS_Searcher_v7/HELPS_vf_pss_rev_13/HELPS_vf_pss_rev_13.runs/impl_1/top.sysdef} {C:/Users/Admin/Documents/Vivado Project/PSS_Searcher_v7/HELPS_vf_pss_rev_13/HELPS_vf_pss_rev_13.sdk/top.hdf}

launch_sdk -workspace {C:/Users/Admin/Documents/Vivado Project/PSS_Searcher_v7/HELPS_vf_pss_rev_13/HELPS_vf_pss_rev_13.sdk} -hwspec {C:/Users/Admin/Documents/Vivado Project/PSS_Searcher_v7/HELPS_vf_pss_rev_13/HELPS_vf_pss_rev_13.sdk/top.hdf}
INFO: [Vivado 12-393] Launching SDK...
INFO: [Vivado 12-417] Running xsdk -workspace C:/Users/Admin/Documents/Vivado Project/PSS_Searcher_v7/HELPS_vf_pss_rev_13/HELPS_vf_pss_rev_13.sdk -hwspec C:/Users/Admin/Documents/Vivado Project/PSS_Searcher_v7/HELPS_vf_pss_rev_13/HELPS_vf_pss_rev_13.sdk/top.hdf
INFO: [Vivado 12-3157] SDK launch initiated. Please check console for any further messages.
exit
INFO: [Common 17-206] Exiting Vivado at Thu Jun  4 16:52:43 2020...
