Copyright 1986-2018 Xilinx, Inc. All Rights Reserved.
-----------------------------------------------------------------------------------------
| Tool Version      : Vivado v.2018.3 (win64) Build 2405991 Thu Dec  6 23:38:27 MST 2018
| Date              : Thu Jun  4 18:21:55 2020
| Host              : DESKTOP-JLICD6R running 64-bit major release  (build 9200)
| Command           : report_clock_utilization -file top_clock_utilization_routed.rpt
| Design            : top
| Device            : xczu9eg-ffvb1156
| Speed File        : -2  PRODUCTION 1.23 10-29-2018
| Temperature Grade : E
-----------------------------------------------------------------------------------------

Clock Utilization Report

Table of Contents
-----------------
1. Clock Primitive Utilization
2. Global Clock Resources
3. Global Clock Source Details
4. Clock Regions : Clock Primitives
5. Clock Regions : Load Primitives
6. Clock Regions : Global Clock Summary
7. Clock Regions : Routing Resource Utilization
8. Device Cell Placement Summary for Global Clock g0
9. Device Cell Placement Summary for Global Clock g1
10. Device Cell Placement Summary for Global Clock g2
11. Device Cell Placement Summary for Global Clock g3
12. Device Cell Placement Summary for Global Clock g4
13. Device Cell Placement Summary for Global Clock g5
14. Device Cell Placement Summary for Global Clock g6
15. Device Cell Placement Summary for Global Clock g7
16. Device Cell Placement Summary for Global Clock g8
17. Device Cell Placement Summary for Global Clock g9
18. Clock Region Cell Placement per Global Clock: Region X1Y0
19. Clock Region Cell Placement per Global Clock: Region X2Y0
20. Clock Region Cell Placement per Global Clock: Region X2Y1
21. Clock Region Cell Placement per Global Clock: Region X3Y1
22. Clock Region Cell Placement per Global Clock: Region X1Y2
23. Clock Region Cell Placement per Global Clock: Region X2Y2
24. Clock Region Cell Placement per Global Clock: Region X3Y2
25. Clock Region Cell Placement per Global Clock: Region X2Y3
26. Clock Region Cell Placement per Global Clock: Region X3Y3
27. Clock Region Cell Placement per Global Clock: Region X2Y4
28. Clock Region Cell Placement per Global Clock: Region X3Y4
29. Clock Region Cell Placement per Global Clock: Region X2Y5
30. Clock Region Cell Placement per Global Clock: Region X3Y5
31. Clock Region Cell Placement per Global Clock: Region X3Y6

1. Clock Primitive Utilization
------------------------------

+------------+------+-----------+-----+--------------+--------+
| Type       | Used | Available | LOC | Clock Region | Pblock |
+------------+------+-----------+-----+--------------+--------+
| BUFGCE     |   10 |       116 |   0 |            0 |      0 |
| BUFGCE_DIV |    0 |        16 |   0 |            0 |      0 |
| BUFGCTRL   |    0 |        32 |   0 |            0 |      0 |
| BUFG_GT    |    0 |       168 |   0 |            0 |      0 |
| MMCM       |    2 |         4 |   0 |            0 |      0 |
| PLL        |    0 |         8 |   0 |            0 |      0 |
+------------+------+-----------+-----+--------------+--------+


2. Global Clock Resources
-------------------------

+-----------+-----------+-----------------+------------+------------------+--------------+------+-------------------+-------------------+-------------+-----------------+--------------+-----------------------------------------------------------------------------------------------------+------------------------------------------------------------------------------------------------------+---------------------------------------------------------------------------+
| Global Id | Source Id | Driver Type/Pin | Constraint | Site             | Clock Region | Root | Clock Delay Group | Load Clock Region | Clock Loads | Non-Clock Loads | Clock Period | Clock                                                                                               | Driver Pin                                                                                           | Net                                                                       |
+-----------+-----------+-----------------+------------+------------------+--------------+------+-------------------+-------------------+-------------+-----------------+--------------+-----------------------------------------------------------------------------------------------------+------------------------------------------------------------------------------------------------------+---------------------------------------------------------------------------+
| g0        | src0      | BUFGCE/O        | None       | BUFGCE_X0Y56     | X3Y2         | X2Y2 |                   |                10 |       30465 |               0 |              |                                                                                                     | clk_rf_2x_reg_BUFG_inst/O                                                                            | clk_rf_2x_reg_BUFG                                                        |
| g1        | src1      | BUFGCE/O        | None       | BUFGCE_X0Y14     | X3Y0         | X2Y4 |                   |                 4 |        3728 |               0 |       16.276 | clk_out1_clk_wiz                                                                                    | clk_wiz_0/inst/clkout1_buf/O                                                                         | clk_wiz_0/inst/clk_out1                                                   |
| g2        | src2      | BUFGCE/O        | None       | BUFGCE_X0Y72     | X3Y3         | X2Y3 |                   |                 5 |         487 |               0 |      130.203 | clk_out2_syspll                                                                                     | syspll_0/inst/clkout2_buf/O                                                                          | syspll_0/inst/clk_out2                                                    |
| g3        | src3      | BUFGCE/O        | None       | BUFGCE_X0Y68     | X3Y2         | X3Y3 |                   |                 3 |         464 |               0 |       50.000 | dbg_hub/inst/BSCANID.u_xsdbm_id/SWITCH_N_EXT_BSCAN.bscan_inst/SERIES7_BSCAN.bscan_inst/INTERNAL_TCK | dbg_hub/inst/BSCANID.u_xsdbm_id/SWITCH_N_EXT_BSCAN.u_bufg_icon_tck/O                                 | dbg_hub/inst/BSCANID.u_xsdbm_id/itck_i                                    |
| g4        | src1      | BUFGCE/O        | None       | BUFGCE_X0Y1      | X3Y0         | X3Y4 |                   |                 2 |          43 |               0 |        8.138 | clk_out2_clk_wiz                                                                                    | clk_wiz_0/inst/clkout2_buf/O                                                                         | clk_wiz_0/inst/clk_out2                                                   |
| g5        | src2      | BUFGCE/O        | None       | BUFGCE_X0Y75     | X3Y3         | X3Y3 |                   |                 2 |          37 |               0 |        8.138 | clk_out1_syspll                                                                                     | syspll_0/inst/clkout1_buf/O                                                                          | syspll_0/inst/clk_out1                                                    |
| g6        | src4      | BUFGCE/O        | None       | BUFGCE_X0Y78     | X3Y3         | X3Y3 | n/a               |                 3 |           0 |            1024 |          n/a | n/a                                                                                                 | PSS_Searcher_0/Matched_Filter_1/ce_reg_reg_reg_bufg_place/O                                          | PSS_Searcher_0/Matched_Filter_1/STATE                                     |
| g7        | src5      | BUFGCE/O        | None       | BUFGCE_X0Y79     | X3Y3         | X3Y3 | n/a               |                 2 |           0 |            1024 |          n/a | n/a                                                                                                 | PSS_Searcher_0/Matched_Filter_2/ce_reg_reg_reg_bufg_place/O                                          | PSS_Searcher_0/Matched_Filter_2/STATE                                     |
| g8        | src6      | BUFGCE/O        | None       | BUFGCE_HDIO_X0Y3 | X3Y3         | X3Y3 | n/a               |                 1 |           0 |               1 |          n/a | n/a                                                                                                 | u_bufg_26mhz/O                                                                                       | clk_26mhz                                                                 |
| g9        | src7      | BUFGCE/O        | None       | BUFGCE_X0Y76     | X3Y3         | X3Y3 | n/a               |                 5 |           0 |            2043 |          n/a | n/a                                                                                                 | design_1_wrapper_0/design_1_i/rst_clk_wiz_0_100M/U0/ACTIVE_LOW_PR_OUT_DFF[0].FDRE_PER_N_bufg_place/O | design_1_wrapper_0/design_1_i/rst_clk_wiz_0_100M/U0/peripheral_aresetn[0] |
+-----------+-----------+-----------------+------------+------------------+--------------+------+-------------------+-------------------+-------------+-----------------+--------------+-----------------------------------------------------------------------------------------------------+------------------------------------------------------------------------------------------------------+---------------------------------------------------------------------------+
* Clock Loads column represents the clock pin loads (pin count)
** Non-Clock Loads column represents the non-clock pin loads (pin count)


3. Global Clock Source Details
------------------------------

+-----------+-----------+--------------------+------------+------------------+--------------+-------------+-----------------+---------------------+-----------------------------------------------------------------------------------------------------+----------------------------------------------------------------------------------------------------+-----------------------------------------------------------------------------------------------+
| Source Id | Global Id | Driver Type/Pin    | Constraint | Site             | Clock Region | Clock Loads | Non-Clock Loads | Source Clock Period | Source Clock                                                                                        | Driver Pin                                                                                         | Net                                                                                           |
+-----------+-----------+--------------------+------------+------------------+--------------+-------------+-----------------+---------------------+-----------------------------------------------------------------------------------------------------+----------------------------------------------------------------------------------------------------+-----------------------------------------------------------------------------------------------+
| src0      | g0        | FDCE/Q             | None       | SLICE_X96Y151    | X3Y2         |           1 |               1 |                     |                                                                                                     | clk_rf_2x_reg_reg/Q                                                                                | clk_rf_2x_reg                                                                                 |
| src1      | g1        | MMCME4_ADV/CLKOUT0 | None       | MMCM_X0Y0        | X3Y0         |           1 |               0 |              16.276 | clk_out1_clk_wiz                                                                                    | clk_wiz_0/inst/mmcme4_adv_inst/CLKOUT0                                                             | clk_wiz_0/inst/clk_out1_clk_wiz                                                               |
| src1      | g4        | MMCME4_ADV/CLKOUT1 | None       | MMCM_X0Y0        | X3Y0         |           1 |               0 |               8.138 | clk_out2_clk_wiz                                                                                    | clk_wiz_0/inst/mmcme4_adv_inst/CLKOUT1                                                             | clk_wiz_0/inst/clk_out2_clk_wiz                                                               |
| src2      | g5        | MMCME4_ADV/CLKOUT0 | None       | MMCM_X0Y3        | X3Y3         |           1 |               0 |               8.138 | clk_out1_syspll                                                                                     | syspll_0/inst/mmcme4_adv_inst/CLKOUT0                                                              | syspll_0/inst/clk_out1_syspll                                                                 |
| src2      | g2        | MMCME4_ADV/CLKOUT1 | None       | MMCM_X0Y3        | X3Y3         |           1 |               0 |             130.203 | clk_out2_syspll                                                                                     | syspll_0/inst/mmcme4_adv_inst/CLKOUT1                                                              | syspll_0/inst/clk_out2_syspll                                                                 |
| src3      | g3        | BSCANE2/TCK        | None       | CONFIG_SITE_X0Y0 | X3Y1         |           1 |               0 |              50.000 | dbg_hub/inst/BSCANID.u_xsdbm_id/SWITCH_N_EXT_BSCAN.bscan_inst/SERIES7_BSCAN.bscan_inst/INTERNAL_TCK | dbg_hub/inst/BSCANID.u_xsdbm_id/SWITCH_N_EXT_BSCAN.bscan_inst/SERIES7_BSCAN.bscan_inst/TCK         | dbg_hub/inst/BSCANID.u_xsdbm_id/SWITCH_N_EXT_BSCAN.bscan_inst/tck_bs                          |
| src4      | g6        | FDCE/Q             | None       | SLICE_X85Y116    | X3Y1         |           1 |               0 |                     |                                                                                                     | PSS_Searcher_0/Matched_Filter_1/ce_reg_reg_reg_bufg_rep/Q                                          | PSS_Searcher_0/Matched_Filter_1/STATE_bufg_place_bufg_rep                                     |
| src5      | g7        | FDCE/Q             | None       | SLICE_X85Y116    | X3Y1         |           1 |               0 |                     |                                                                                                     | PSS_Searcher_0/Matched_Filter_2/ce_reg_reg_reg_bufg_rep/Q                                          | PSS_Searcher_0/Matched_Filter_2/STATE_bufg_place_bufg_rep                                     |
| src6      | g8        | IBUFCTRL/O         | IOB_X1Y55  | IOB_X1Y55        | X3Y1         |           1 |               0 |                     |                                                                                                     | VCTCXO_CLK_IBUF_inst/IBUFCTRL_INST/O                                                               | VCTCXO_CLK_IBUF_inst/O                                                                        |
| src7      | g9        | FDRE/Q             | None       | SLICE_X80Y182    | X3Y3         |           1 |               0 |                     |                                                                                                     | design_1_wrapper_0/design_1_i/rst_clk_wiz_0_100M/U0/ACTIVE_LOW_PR_OUT_DFF[0].FDRE_PER_N_bufg_rep/Q | design_1_wrapper_0/design_1_i/rst_clk_wiz_0_100M/U0/peripheral_aresetn[0]_bufg_place_bufg_rep |
+-----------+-----------+--------------------+------------+------------------+--------------+-------------+-----------------+---------------------+-----------------------------------------------------------------------------------------------------+----------------------------------------------------------------------------------------------------+-----------------------------------------------------------------------------------------------+
* Clock Loads column represents the clock pin loads (pin count)
** Non-Clock Loads column represents the non-clock pin loads (pin count)


4. Clock Regions : Clock Primitives
-----------------------------------

+-------------------+--------------+--------------+--------------+--------------+--------------+--------------+--------------+
|                   | Global Clock |    BUFGCE    |  BUFGCE_DIV  |   BUFGCTRL   |    BUFG_GT   |     MMCM     |      PLL     |
+-------------------+------+-------+------+-------+------+-------+------+-------+------+-------+------+-------+------+-------+
| Clock Region Name | Used | Avail | Used | Avail | Used | Avail | Used | Avail | Used | Avail | Used | Avail | Used | Avail |
+-------------------+------+-------+------+-------+------+-------+------+-------+------+-------+------+-------+------+-------+
| X0Y0              |   1* |     0 |    0 |     0 |    0 |     0 |    0 |     0 |    0 |     0 |    0 |     0 |    0 |     0 |
| X1Y0              |    1 |    24 |    0 |     0 |    0 |     0 |    0 |     0 |    0 |     0 |    0 |     0 |    0 |     0 |
| X2Y0              |    2 |    24 |    0 |     0 |    0 |     0 |    0 |     0 |    0 |     0 |    0 |     0 |    0 |     0 |
| X3Y0              |    2 |    24 |    2 |    28 |    0 |     4 |    0 |     8 |    0 |     0 |    1 |     1 |    0 |     2 |
| X0Y1              |    0 |     0 |    0 |     0 |    0 |     0 |    0 |     0 |    0 |     0 |    0 |     0 |    0 |     0 |
| X1Y1              |    0 |    24 |    0 |     0 |    0 |     0 |    0 |     0 |    0 |     0 |    0 |     0 |    0 |     0 |
| X2Y1              |    3 |    24 |    0 |     0 |    0 |     0 |    0 |     0 |    0 |     0 |    0 |     0 |    0 |     0 |
| X3Y1              |    4 |    24 |    0 |    24 |    0 |     4 |    0 |     8 |    0 |     0 |    0 |     1 |    0 |     2 |
| X0Y2              |    0 |     0 |    0 |     0 |    0 |     0 |    0 |     0 |    0 |     0 |    0 |     0 |    0 |     0 |
| X1Y2              |    1 |    24 |    0 |     0 |    0 |     0 |    0 |     0 |    0 |     0 |    0 |     0 |    0 |     0 |
| X2Y2              |    4 |    24 |    0 |     0 |    0 |     0 |    0 |     0 |    0 |     0 |    0 |     0 |    0 |     0 |
| X3Y2              |    5 |    24 |    2 |    24 |    0 |     4 |    0 |     8 |    0 |     0 |    0 |     1 |    0 |     2 |
| X0Y3              |    0 |    24 |    0 |     0 |    0 |     0 |    0 |     0 |    0 |    24 |    0 |     0 |    0 |     0 |
| X1Y3              |    0 |    24 |    0 |     0 |    0 |     0 |    0 |     0 |    0 |     0 |    0 |     0 |    0 |     0 |
| X2Y3              |    4 |    24 |    0 |     0 |    0 |     0 |    0 |     0 |    0 |     0 |    0 |     0 |    0 |     0 |
| X3Y3              |    9 |    24 |    6 |    28 |    0 |     4 |    0 |     8 |    0 |     0 |    1 |     1 |    0 |     2 |
| X0Y4              |    0 |    24 |    0 |     0 |    0 |     0 |    0 |     0 |    0 |    24 |    0 |     0 |    0 |     0 |
| X1Y4              |    0 |    24 |    0 |     0 |    0 |     0 |    0 |     0 |    0 |     0 |    0 |     0 |    0 |     0 |
| X2Y4              |    4 |    24 |    0 |     0 |    0 |     0 |    0 |     0 |    0 |     0 |    0 |     0 |    0 |     0 |
| X3Y4              |    6 |    24 |    0 |     4 |    0 |     0 |    0 |     0 |    0 |    24 |    0 |     0 |    0 |     0 |
| X0Y5              |    0 |    24 |    0 |     0 |    0 |     0 |    0 |     0 |    0 |    24 |    0 |     0 |    0 |     0 |
| X1Y5              |    0 |    24 |    0 |     0 |    0 |     0 |    0 |     0 |    0 |     0 |    0 |     0 |    0 |     0 |
| X2Y5              |    3 |    24 |    0 |     0 |    0 |     0 |    0 |     0 |    0 |     0 |    0 |     0 |    0 |     0 |
| X3Y5              |    5 |    24 |    0 |     4 |    0 |     0 |    0 |     0 |    0 |    24 |    0 |     0 |    0 |     0 |
| X0Y6              |    0 |    24 |    0 |     0 |    0 |     0 |    0 |     0 |    0 |    24 |    0 |     0 |    0 |     0 |
| X1Y6              |    0 |    24 |    0 |     0 |    0 |     0 |    0 |     0 |    0 |     0 |    0 |     0 |    0 |     0 |
| X2Y6              |    0 |    24 |    0 |     0 |    0 |     0 |    0 |     0 |    0 |     0 |    0 |     0 |    0 |     0 |
| X3Y6              |    1 |    24 |    0 |     4 |    0 |     0 |    0 |     0 |    0 |    24 |    0 |     0 |    0 |     0 |
+-------------------+------+-------+------+-------+------+-------+------+-------+------+-------+------+-------+------+-------+
* Global Clock column represents track count; while other columns represents cell counts


5. Clock Regions : Load Primitives
----------------------------------

+-------------------+------------------+------------------+------------------+------------------+------------------+------------------+------------------+
|                   |   Global Clock   |        FF        |      LUTRAM      |  Block RAM (18K) |        DSP       |        GT        |      HARD IP     |
+-------------------+--------+---------+--------+---------+--------+---------+--------+---------+--------+---------+--------+---------+--------+---------+
| Clock Region Name | Used   | Avail   | Used   | Avail   | Used   | Avail   | Used   | Avail   | Used   | Avail   | Used   | Avail   | Used   | Avail   |
+-------------------+--------+---------+--------+---------+--------+---------+--------+---------+--------+---------+--------+---------+--------+---------+
| X0Y0              |     1* |       0 |      0 |       0 |      0 |       0 |      0 |       0 |      0 |       0 |      0 |       0 |      0 |       0 |
| X1Y0              |      1 |      24 |      0 |   19200 |      0 |    5280 |      0 |      48 |      0 |     120 |      0 |       0 |      0 |       0 |
| X2Y0              |      2 |      24 |      0 |   20160 |      0 |    5280 |      0 |      72 |      0 |      96 |      0 |       0 |      0 |       0 |
| X3Y0              |      2 |      24 |      0 |   19200 |      0 |    4800 |      0 |      72 |      0 |      48 |      0 |       0 |      0 |       0 |
| X0Y1              |      0 |       0 |      0 |       0 |      0 |       0 |      0 |       0 |      0 |       0 |      0 |       0 |      0 |       0 |
| X1Y1              |      0 |      24 |      0 |   19200 |      0 |    5280 |      0 |      48 |      0 |     120 |      0 |       0 |      0 |       0 |
| X2Y1              |      3 |      24 |    912 |   20160 |     11 |    5280 |     11 |      72 |      0 |      96 |      0 |       0 |      0 |       0 |
| X3Y1              |      4 |      24 |    795 |   19200 |      0 |    4800 |      1 |      72 |      0 |      48 |      0 |       0 |      0 |       0 |
| X0Y2              |      0 |       0 |      0 |       0 |      0 |       0 |      0 |       0 |      0 |       0 |      0 |       0 |      0 |       0 |
| X1Y2              |      1 |      24 |      6 |   19200 |      0 |    5280 |      0 |      48 |      0 |     120 |      0 |       0 |      0 |       0 |
| X2Y2              |      4 |      24 |   2510 |   20160 |     24 |    5280 |     51 |      72 |      0 |      96 |      0 |       0 |      0 |       0 |
| X3Y2              |      5 |      24 |   3991 |   19200 |     41 |    4800 |     45 |      72 |      0 |      48 |      0 |       0 |      0 |       0 |
| X0Y3              |      0 |      24 |      0 |   27840 |      0 |    7200 |      0 |      96 |      0 |     144 |      0 |       4 |      0 |       0 |
| X1Y3              |      0 |      24 |      0 |   25920 |      0 |    7200 |      0 |      72 |      0 |     144 |      0 |       0 |      0 |       0 |
| X2Y3              |      4 |      24 |   4446 |   20160 |      1 |    5280 |      0 |      72 |      0 |      96 |      0 |       0 |      0 |       0 |
| X3Y3              |      9 |      24 |   6758 |   19200 |      4 |    4800 |     13 |      72 |      0 |      48 |      0 |       0 |      0 |       0 |
| X0Y4              |      0 |      24 |      0 |   27840 |      0 |    7200 |      0 |      96 |      0 |     144 |      0 |       4 |      0 |       0 |
| X1Y4              |      0 |      24 |      0 |   25920 |      0 |    7200 |      0 |      72 |      0 |     144 |      0 |       0 |      0 |       0 |
| X2Y4              |      4 |      24 |   3260 |   20160 |      1 |    5280 |      0 |      72 |      0 |      96 |      0 |       0 |      0 |       0 |
| X3Y4              |      6 |      24 |   7823 |   19200 |     37 |    4800 |     32 |      72 |      0 |      48 |      0 |       4 |      0 |       0 |
| X0Y5              |      0 |      24 |      0 |   27840 |      0 |    7200 |      0 |      96 |      0 |     144 |      0 |       4 |      0 |       0 |
| X1Y5              |      0 |      24 |      0 |   25920 |      0 |    7200 |      0 |      72 |      0 |     144 |      0 |       0 |      0 |       0 |
| X2Y5              |      3 |      24 |   1980 |   20160 |     36 |    5280 |      0 |      72 |      0 |      96 |      0 |       0 |      0 |       0 |
| X3Y5              |      5 |      24 |   2150 |   19200 |     25 |    4800 |      0 |      72 |      0 |      48 |      0 |       4 |      0 |       0 |
| X0Y6              |      0 |      24 |      0 |   27840 |      0 |    7200 |      0 |      96 |      0 |     144 |      0 |       4 |      0 |       0 |
| X1Y6              |      0 |      24 |      0 |   25920 |      0 |    7200 |      0 |      72 |      0 |     144 |      0 |       0 |      0 |       0 |
| X2Y6              |      0 |      24 |      0 |   20160 |      0 |    5280 |      0 |      72 |      0 |      96 |      0 |       0 |      0 |       0 |
| X3Y6              |      1 |      24 |      7 |   19200 |      0 |    4800 |      0 |      72 |      0 |      48 |      0 |       4 |      0 |       0 |
+-------------------+--------+---------+--------+---------+--------+---------+--------+---------+--------+---------+--------+---------+--------+---------+
* Global Clock column represents track count; while other columns represents cell counts


6. Clock Regions : Global Clock Summary
---------------------------------------

All Modules
+----+----+----+----+----+
|    | X0 | X1 | X2 | X3 |
+----+----+----+----+----+
| Y6 |  0 |  0 |  0 |  1 |
| Y5 |  0 |  0 |  3 |  5 |
| Y4 |  0 |  0 |  4 |  5 |
| Y3 |  0 |  0 |  2 |  6 |
| Y2 |  0 |  1 |  3 |  3 |
| Y1 |  0 |  0 |  2 |  3 |
| Y0 |  0 |  1 |  1 |  0 |
+----+----+----+----+----+


7. Clock Regions : Routing Resource Utilization
-----------------------------------------------

All Modules
+-------------------+----------------------+----------------------+----------------------+----------------------+
|                   |        HROUTES       |        HDISTRS       |        VROUTES       |        VDISTRS       |
+-------------------+------+-------+-------+------+-------+-------+------+-------+-------+------+-------+-------+
| Clock Region Name | Used | Avail | Util% | Used | Avail | Util% | Used | Avail | Util% | Used | Avail | Util% |
+-------------------+------+-------+-------+------+-------+-------+------+-------+-------+------+-------+-------+
| X0Y0              |    0 |     0 |  0.00 |    0 |     0 |  0.00 |    0 |     0 |  0.00 |    0 |     0 |  0.00 |
| X1Y0              |    0 |    24 |  0.00 |    1 |    24 |  4.17 |    0 |    24 |  0.00 |    0 |    24 |  0.00 |
| X2Y0              |    1 |    24 |  4.17 |    1 |    24 |  4.17 |    0 |    24 |  0.00 |    1 |    24 |  4.17 |
| X3Y0              |    2 |    24 |  8.33 |    0 |    24 |  0.00 |    0 |    24 |  0.00 |    0 |    24 |  0.00 |
| X0Y1              |    0 |     0 |  0.00 |    0 |     0 |  0.00 |    0 |     0 |  0.00 |    0 |     0 |  0.00 |
| X1Y1              |    0 |    24 |  0.00 |    0 |    24 |  0.00 |    0 |    24 |  0.00 |    0 |    24 |  0.00 |
| X2Y1              |    0 |    24 |  0.00 |    2 |    24 |  8.33 |    1 |    24 |  4.17 |    1 |    24 |  4.17 |
| X3Y1              |    0 |    24 |  0.00 |    3 |    24 | 12.50 |    1 |    24 |  4.17 |    2 |    24 |  8.33 |
| X0Y2              |    0 |     0 |  0.00 |    0 |     0 |  0.00 |    0 |     0 |  0.00 |    0 |     0 |  0.00 |
| X1Y2              |    0 |    24 |  0.00 |    1 |    24 |  4.17 |    0 |    24 |  0.00 |    0 |    24 |  0.00 |
| X2Y2              |    1 |    24 |  4.17 |    3 |    24 | 12.50 |    1 |    24 |  4.17 |    2 |    24 |  8.33 |
| X3Y2              |    2 |    24 |  8.33 |    3 |    24 | 12.50 |    1 |    24 |  4.17 |    3 |    24 | 12.50 |
| X0Y3              |    0 |    24 |  0.00 |    0 |    24 |  0.00 |    0 |    24 |  0.00 |    0 |    24 |  0.00 |
| X1Y3              |    0 |    24 |  0.00 |    0 |    24 |  0.00 |    0 |    24 |  0.00 |    0 |    24 |  0.00 |
| X2Y3              |    1 |    24 |  4.17 |    2 |    24 |  8.33 |    1 |    24 |  4.17 |    2 |    24 |  8.33 |
| X3Y3              |    2 |    24 |  8.33 |    6 |    24 | 25.00 |    2 |    24 |  8.33 |    4 |    24 | 16.67 |
| X0Y4              |    0 |    24 |  0.00 |    0 |    24 |  0.00 |    0 |    24 |  0.00 |    0 |    24 |  0.00 |
| X1Y4              |    0 |    24 |  0.00 |    0 |    24 |  0.00 |    0 |    24 |  0.00 |    0 |    24 |  0.00 |
| X2Y4              |    0 |    24 |  0.00 |    4 |    24 | 16.67 |    1 |    24 |  4.17 |    3 |    24 | 12.50 |
| X3Y4              |    0 |    24 |  0.00 |    5 |    24 | 20.83 |    1 |    24 |  4.17 |    2 |    24 |  8.33 |
| X0Y5              |    0 |    24 |  0.00 |    0 |    24 |  0.00 |    0 |    24 |  0.00 |    0 |    24 |  0.00 |
| X1Y5              |    0 |    24 |  0.00 |    0 |    24 |  0.00 |    0 |    24 |  0.00 |    0 |    24 |  0.00 |
| X2Y5              |    0 |    24 |  0.00 |    3 |    24 | 12.50 |    0 |    24 |  0.00 |    0 |    24 |  0.00 |
| X3Y5              |    0 |    24 |  0.00 |    5 |    24 | 20.83 |    0 |    24 |  0.00 |    1 |    24 |  4.17 |
| X0Y6              |    0 |    24 |  0.00 |    0 |    24 |  0.00 |    0 |    24 |  0.00 |    0 |    24 |  0.00 |
| X1Y6              |    0 |    24 |  0.00 |    0 |    24 |  0.00 |    0 |    24 |  0.00 |    0 |    24 |  0.00 |
| X2Y6              |    0 |    24 |  0.00 |    0 |    24 |  0.00 |    0 |    24 |  0.00 |    0 |    24 |  0.00 |
| X3Y6              |    0 |    24 |  0.00 |    1 |    24 |  4.17 |    0 |    24 |  0.00 |    0 |    24 |  0.00 |
+-------------------+------+-------+-------+------+-------+-------+------+-------+-------+------+-------+-------+


8. Device Cell Placement Summary for Global Clock g0
----------------------------------------------------

+-----------+-----------------+-------------------+-------+-------------+---------------+----------+-------------+----------+----------------+----------+--------------------+
| Global Id | Driver Type/Pin | Driver Region (D) | Clock | Period (ns) | Waveform (ns) | Root (R) | Slice Loads | IO Loads | Clocking Loads | GT Loads | Net                |
+-----------+-----------------+-------------------+-------+-------------+---------------+----------+-------------+----------+----------------+----------+--------------------+
| g0        | BUFGCE/O        | X3Y2              |       |             |               | X2Y2     |       30356 |        0 |              0 |        0 | clk_rf_2x_reg_BUFG |
+-----------+-----------------+-------------------+-------+-------------+---------------+----------+-------------+----------+----------------+----------+--------------------+
* Logic Loads column represents load cell count of all cell types other than IO, GT and clock resources
** IO Loads column represents load cell count of IO types
*** Clocking Loads column represents load cell count that are clock resources (global clock buffer, MMCM, PLL, etc)
**** GT Loads column represents load cell count of GT types


+----+----+----+----------+-----------+
|    | X0 | X1 | X2       | X3        |
+----+----+----+----------+-----------+
| Y6 |  0 |  0 |        0 |         0 |
| Y5 |  0 |  0 |        0 |       160 |
| Y4 |  0 |  0 |     3212 |      7613 |
| Y3 |  0 |  0 |     4447 |      6753 |
| Y2 |  0 |  0 | (R) 2561 |  (D) 4042 |
| Y1 |  0 |  0 |      930 |       637 |
| Y0 |  1 |  0 |        0 |         0 |
+----+----+----+----------+-----------+


9. Device Cell Placement Summary for Global Clock g1
----------------------------------------------------

+-----------+-----------------+-------------------+------------------+-------------+---------------+----------+-------------+----------+----------------+----------+-------------------------+
| Global Id | Driver Type/Pin | Driver Region (D) | Clock            | Period (ns) | Waveform (ns) | Root (R) | Slice Loads | IO Loads | Clocking Loads | GT Loads | Net                     |
+-----------+-----------------+-------------------+------------------+-------------+---------------+----------+-------------+----------+----------------+----------+-------------------------+
| g1        | BUFGCE/O        | X3Y0              | clk_out1_clk_wiz |      16.276 | {0.000 8.138} | X2Y4     |        3538 |        0 |              0 |        0 | clk_wiz_0/inst/clk_out1 |
+-----------+-----------------+-------------------+------------------+-------------+---------------+----------+-------------+----------+----------------+----------+-------------------------+
* Logic Loads column represents load cell count of all cell types other than IO, GT and clock resources
** IO Loads column represents load cell count of IO types
*** Clocking Loads column represents load cell count that are clock resources (global clock buffer, MMCM, PLL, etc)
**** GT Loads column represents load cell count of GT types


+----+----+----+--------+--------+
|    | X0 | X1 | X2     | X3     |
+----+----+----+--------+--------+
| Y6 |  0 |  0 |      0 |      0 |
| Y5 |  0 |  0 |   1822 |   1558 |
| Y4 |  0 |  0 | (R) 32 |    126 |
| Y3 |  0 |  0 |      0 |      0 |
| Y2 |  0 |  0 |      0 |      0 |
| Y1 |  0 |  0 |      0 |      0 |
| Y0 |  0 |  0 |      0 |  (D) 0 |
+----+----+----+--------+--------+


10. Device Cell Placement Summary for Global Clock g2
-----------------------------------------------------

+-----------+-----------------+-------------------+-----------------+-------------+----------------+----------+-------------+----------+----------------+----------+------------------------+
| Global Id | Driver Type/Pin | Driver Region (D) | Clock           | Period (ns) | Waveform (ns)  | Root (R) | Slice Loads | IO Loads | Clocking Loads | GT Loads | Net                    |
+-----------+-----------------+-------------------+-----------------+-------------+----------------+----------+-------------+----------+----------------+----------+------------------------+
| g2        | BUFGCE/O        | X3Y3              | clk_out2_syspll |     130.203 | {0.000 65.101} | X2Y3     |         487 |        0 |              0 |        0 | syspll_0/inst/clk_out2 |
+-----------+-----------------+-------------------+-----------------+-------------+----------------+----------+-------------+----------+----------------+----------+------------------------+
* Logic Loads column represents load cell count of all cell types other than IO, GT and clock resources
** IO Loads column represents load cell count of IO types
*** Clocking Loads column represents load cell count that are clock resources (global clock buffer, MMCM, PLL, etc)
**** GT Loads column represents load cell count of GT types


+----+----+----+-------+--------+
|    | X0 | X1 | X2    | X3     |
+----+----+----+-------+--------+
| Y6 |  0 |  0 |     0 |      0 |
| Y5 |  0 |  0 |   194 |    131 |
| Y4 |  0 |  0 |    17 |    139 |
| Y3 |  0 |  0 | (R) 0 |  (D) 0 |
| Y2 |  0 |  6 |     0 |      0 |
| Y1 |  0 |  0 |     0 |      0 |
| Y0 |  0 |  0 |     0 |      0 |
+----+----+----+-------+--------+


11. Device Cell Placement Summary for Global Clock g3
-----------------------------------------------------

+-----------+-----------------+-------------------+-----------------------------------------------------------------------------------------------------+-------------+----------------+----------+-------------+----------+----------------+----------+----------------------------------------+
| Global Id | Driver Type/Pin | Driver Region (D) | Clock                                                                                               | Period (ns) | Waveform (ns)  | Root (R) | Slice Loads | IO Loads | Clocking Loads | GT Loads | Net                                    |
+-----------+-----------------+-------------------+-----------------------------------------------------------------------------------------------------+-------------+----------------+----------+-------------+----------+----------------+----------+----------------------------------------+
| g3        | BUFGCE/O        | X3Y2              | dbg_hub/inst/BSCANID.u_xsdbm_id/SWITCH_N_EXT_BSCAN.bscan_inst/SERIES7_BSCAN.bscan_inst/INTERNAL_TCK |      50.000 | {0.000 25.000} | X3Y3     |         462 |        0 |              0 |        0 | dbg_hub/inst/BSCANID.u_xsdbm_id/itck_i |
+-----------+-----------------+-------------------+-----------------------------------------------------------------------------------------------------+-------------+----------------+----------+-------------+----------+----------------+----------+----------------------------------------+
* Logic Loads column represents load cell count of all cell types other than IO, GT and clock resources
** IO Loads column represents load cell count of IO types
*** Clocking Loads column represents load cell count that are clock resources (global clock buffer, MMCM, PLL, etc)
**** GT Loads column represents load cell count of GT types


+----+----+----+----+--------+
|    | X0 | X1 | X2 | X3     |
+----+----+----+----+--------+
| Y6 |  0 |  0 |  0 |      7 |
| Y5 |  0 |  0 |  0 |    296 |
| Y4 |  0 |  0 |  0 |      0 |
| Y3 |  0 |  0 |  0 |  (R) 0 |
| Y2 |  0 |  0 |  0 |  (D) 0 |
| Y1 |  0 |  0 |  0 |    159 |
| Y0 |  0 |  0 |  0 |      0 |
+----+----+----+----+--------+


12. Device Cell Placement Summary for Global Clock g4
-----------------------------------------------------

+-----------+-----------------+-------------------+------------------+-------------+---------------+----------+-------------+----------+----------------+----------+-------------------------+
| Global Id | Driver Type/Pin | Driver Region (D) | Clock            | Period (ns) | Waveform (ns) | Root (R) | Slice Loads | IO Loads | Clocking Loads | GT Loads | Net                     |
+-----------+-----------------+-------------------+------------------+-------------+---------------+----------+-------------+----------+----------------+----------+-------------------------+
| g4        | BUFGCE/O        | X3Y0              | clk_out2_clk_wiz |       8.138 | {0.000 4.069} | X3Y4     |          43 |        0 |              0 |        0 | clk_wiz_0/inst/clk_out2 |
+-----------+-----------------+-------------------+------------------+-------------+---------------+----------+-------------+----------+----------------+----------+-------------------------+
* Logic Loads column represents load cell count of all cell types other than IO, GT and clock resources
** IO Loads column represents load cell count of IO types
*** Clocking Loads column represents load cell count that are clock resources (global clock buffer, MMCM, PLL, etc)
**** GT Loads column represents load cell count of GT types


+----+----+----+----+--------+
|    | X0 | X1 | X2 | X3     |
+----+----+----+----+--------+
| Y6 |  0 |  0 |  0 |      0 |
| Y5 |  0 |  0 |  0 |     30 |
| Y4 |  0 |  0 |  0 | (R) 13 |
| Y3 |  0 |  0 |  0 |      0 |
| Y2 |  0 |  0 |  0 |      0 |
| Y1 |  0 |  0 |  0 |      0 |
| Y0 |  0 |  0 |  0 |  (D) 0 |
+----+----+----+----+--------+


13. Device Cell Placement Summary for Global Clock g5
-----------------------------------------------------

+-----------+-----------------+-------------------+-----------------+-------------+---------------+----------+-------------+----------+----------------+----------+------------------------+
| Global Id | Driver Type/Pin | Driver Region (D) | Clock           | Period (ns) | Waveform (ns) | Root (R) | Slice Loads | IO Loads | Clocking Loads | GT Loads | Net                    |
+-----------+-----------------+-------------------+-----------------+-------------+---------------+----------+-------------+----------+----------------+----------+------------------------+
| g5        | BUFGCE/O        | X3Y3              | clk_out1_syspll |       8.138 | {0.000 4.069} | X3Y3     |          37 |        0 |              0 |        0 | syspll_0/inst/clk_out1 |
+-----------+-----------------+-------------------+-----------------+-------------+---------------+----------+-------------+----------+----------------+----------+------------------------+
* Logic Loads column represents load cell count of all cell types other than IO, GT and clock resources
** IO Loads column represents load cell count of IO types
*** Clocking Loads column represents load cell count that are clock resources (global clock buffer, MMCM, PLL, etc)
**** GT Loads column represents load cell count of GT types


+----+----+----+----+------------+
|    | X0 | X1 | X2 | X3         |
+----+----+----+----+------------+
| Y6 |  0 |  0 |  0 |          0 |
| Y5 |  0 |  0 |  0 |          0 |
| Y4 |  0 |  0 |  0 |          0 |
| Y3 |  0 |  0 |  0 | (R) (D) 16 |
| Y2 |  0 |  0 |  0 |         21 |
| Y1 |  0 |  0 |  0 |          0 |
| Y0 |  0 |  0 |  0 |          0 |
+----+----+----+----+------------+


14. Device Cell Placement Summary for Global Clock g6
-----------------------------------------------------

+-----------+-----------------+-------------------+-------+-------------+---------------+----------+-------------+----------+----------------+----------+---------------------------------------+
| Global Id | Driver Type/Pin | Driver Region (D) | Clock | Period (ns) | Waveform (ns) | Root (R) | Slice Loads | IO Loads | Clocking Loads | GT Loads | Net                                   |
+-----------+-----------------+-------------------+-------+-------------+---------------+----------+-------------+----------+----------------+----------+---------------------------------------+
| g6        | BUFGCE/O        | X3Y3              |       |             |               | X3Y3     |        1024 |        0 |              0 |        0 | PSS_Searcher_0/Matched_Filter_1/STATE |
+-----------+-----------------+-------------------+-------+-------------+---------------+----------+-------------+----------+----------------+----------+---------------------------------------+
* Logic Loads column represents load cell count of all cell types other than IO, GT and clock resources
** IO Loads column represents load cell count of IO types
*** Clocking Loads column represents load cell count that are clock resources (global clock buffer, MMCM, PLL, etc)
**** GT Loads column represents load cell count of GT types


+----+----+----+------+------------+
|    | X0 | X1 | X2   | X3         |
+----+----+----+------+------------+
| Y6 |  0 |  0 |    0 |          0 |
| Y5 |  0 |  0 |    0 |          0 |
| Y4 |  0 |  0 |  345 |        645 |
| Y3 |  0 |  0 |    0 | (R) (D) 34 |
| Y2 |  0 |  0 |    0 |          0 |
| Y1 |  0 |  0 |    0 |          0 |
| Y0 |  0 |  0 |    0 |          0 |
+----+----+----+------+------------+


15. Device Cell Placement Summary for Global Clock g7
-----------------------------------------------------

+-----------+-----------------+-------------------+-------+-------------+---------------+----------+-------------+----------+----------------+----------+---------------------------------------+
| Global Id | Driver Type/Pin | Driver Region (D) | Clock | Period (ns) | Waveform (ns) | Root (R) | Slice Loads | IO Loads | Clocking Loads | GT Loads | Net                                   |
+-----------+-----------------+-------------------+-------+-------------+---------------+----------+-------------+----------+----------------+----------+---------------------------------------+
| g7        | BUFGCE/O        | X3Y3              |       |             |               | X3Y3     |        1024 |        0 |              0 |        0 | PSS_Searcher_0/Matched_Filter_2/STATE |
+-----------+-----------------+-------------------+-------+-------------+---------------+----------+-------------+----------+----------------+----------+---------------------------------------+
* Logic Loads column represents load cell count of all cell types other than IO, GT and clock resources
** IO Loads column represents load cell count of IO types
*** Clocking Loads column represents load cell count that are clock resources (global clock buffer, MMCM, PLL, etc)
**** GT Loads column represents load cell count of GT types


+----+----+----+------+-------------+
|    | X0 | X1 | X2   | X3          |
+----+----+----+------+-------------+
| Y6 |  0 |  0 |    0 |           0 |
| Y5 |  0 |  0 |    0 |           0 |
| Y4 |  0 |  0 |    0 |           0 |
| Y3 |  0 |  0 |  399 | (R) (D) 625 |
| Y2 |  0 |  0 |    0 |           0 |
| Y1 |  0 |  0 |    0 |           0 |
| Y0 |  0 |  0 |    0 |           0 |
+----+----+----+------+-------------+


16. Device Cell Placement Summary for Global Clock g8
-----------------------------------------------------

+-----------+-----------------+-------------------+-------+-------------+---------------+----------+-------------+----------+----------------+----------+-----------+
| Global Id | Driver Type/Pin | Driver Region (D) | Clock | Period (ns) | Waveform (ns) | Root (R) | Slice Loads | IO Loads | Clocking Loads | GT Loads | Net       |
+-----------+-----------------+-------------------+-------+-------------+---------------+----------+-------------+----------+----------------+----------+-----------+
| g8        | BUFGCE/O        | X3Y3              |       |             |               | X3Y3     |           0 |        0 |              1 |        0 | clk_26mhz |
+-----------+-----------------+-------------------+-------+-------------+---------------+----------+-------------+----------+----------------+----------+-----------+
* Logic Loads column represents load cell count of all cell types other than IO, GT and clock resources
** IO Loads column represents load cell count of IO types
*** Clocking Loads column represents load cell count that are clock resources (global clock buffer, MMCM, PLL, etc)
**** GT Loads column represents load cell count of GT types


+----+----+----+----+-----------+
|    | X0 | X1 | X2 | X3        |
+----+----+----+----+-----------+
| Y6 |  0 |  0 |  0 |         0 |
| Y5 |  0 |  0 |  0 |         0 |
| Y4 |  0 |  0 |  0 |         0 |
| Y3 |  0 |  0 |  0 | (R) (D) 1 |
| Y2 |  0 |  0 |  0 |         0 |
| Y1 |  0 |  0 |  0 |         0 |
| Y0 |  0 |  0 |  0 |         0 |
+----+----+----+----+-----------+


17. Device Cell Placement Summary for Global Clock g9
-----------------------------------------------------

+-----------+-----------------+-------------------+-------+-------------+---------------+----------+-------------+----------+----------------+----------+---------------------------------------------------------------------------+
| Global Id | Driver Type/Pin | Driver Region (D) | Clock | Period (ns) | Waveform (ns) | Root (R) | Slice Loads | IO Loads | Clocking Loads | GT Loads | Net                                                                       |
+-----------+-----------------+-------------------+-------+-------------+---------------+----------+-------------+----------+----------------+----------+---------------------------------------------------------------------------+
| g9        | BUFGCE/O        | X3Y3              |       |             |               | X3Y3     |        2043 |        0 |              0 |        0 | design_1_wrapper_0/design_1_i/rst_clk_wiz_0_100M/U0/peripheral_aresetn[0] |
+-----------+-----------------+-------------------+-------+-------------+---------------+----------+-------------+----------+----------------+----------+---------------------------------------------------------------------------+
* Logic Loads column represents load cell count of all cell types other than IO, GT and clock resources
** IO Loads column represents load cell count of IO types
*** Clocking Loads column represents load cell count that are clock resources (global clock buffer, MMCM, PLL, etc)
**** GT Loads column represents load cell count of GT types


+----+----+----+------+-----------+
|    | X0 | X1 | X2   | X3        |
+----+----+----+------+-----------+
| Y6 |  0 |  0 |    0 |         0 |
| Y5 |  0 |  0 |    0 |         0 |
| Y4 |  0 |  0 |    0 |         0 |
| Y3 |  0 |  0 |    0 | (R) (D) 6 |
| Y2 |  0 |  0 |  606 |      1104 |
| Y1 |  0 |  0 |  146 |       181 |
| Y0 |  0 |  0 |    0 |         0 |
+----+----+----+------+-----------+


18. Clock Region Cell Placement per Global Clock: Region X1Y0
-------------------------------------------------------------

+-----------+-------+-----------------+------------+-------------+-----------------+----+--------+------+-----+----+------+-----+---------+--------------------+
| Global Id | Track | Driver Type/Pin | Constraint | Clock Loads | Non-Clock Loads | FF | LUTRAM | RAMB | DSP | GT | MMCM | PLL | Hard IP | Net                |
+-----------+-------+-----------------+------------+-------------+-----------------+----+--------+------+-----+----+------+-----+---------+--------------------+
| g0+       | 8     | BUFGCE/O        | None       |           0 |               0 |  0 |      0 |    0 |   0 |  0 |    0 |   0 |       0 | clk_rf_2x_reg_BUFG |
+-----------+-------+-----------------+------------+-------------+-----------------+----+--------+------+-----+----+------+-----+---------+--------------------+
* Clock Loads column represents the clock pin loads (pin count)
** Non-Clock Loads column represents the non-clock pin loads (pin count)
*** Columns FF, LUTRAM, RAMB through 'Hard IP' represents load cell counts
**** In Global Id column, sympbol '+' indicates that global clock was used only to route through the clock region.


19. Clock Region Cell Placement per Global Clock: Region X2Y0
-------------------------------------------------------------

+-----------+-------+-----------------+------------+-------------+-----------------+----+--------+------+-----+----+------+-----+---------+-------------------------+
| Global Id | Track | Driver Type/Pin | Constraint | Clock Loads | Non-Clock Loads | FF | LUTRAM | RAMB | DSP | GT | MMCM | PLL | Hard IP | Net                     |
+-----------+-------+-----------------+------------+-------------+-----------------+----+--------+------+-----+----+------+-----+---------+-------------------------+
| g0+       | 8     | BUFGCE/O        | None       |           0 |               0 |  0 |      0 |    0 |   0 |  0 |    0 |   0 |       0 | clk_rf_2x_reg_BUFG      |
| g1+       | 14    | BUFGCE/O        | None       |           0 |               0 |  0 |      0 |    0 |   0 |  0 |    0 |   0 |       0 | clk_wiz_0/inst/clk_out1 |
+-----------+-------+-----------------+------------+-------------+-----------------+----+--------+------+-----+----+------+-----+---------+-------------------------+
* Clock Loads column represents the clock pin loads (pin count)
** Non-Clock Loads column represents the non-clock pin loads (pin count)
*** Columns FF, LUTRAM, RAMB through 'Hard IP' represents load cell counts
**** In Global Id column, sympbol '+' indicates that global clock was used only to route through the clock region.


20. Clock Region Cell Placement per Global Clock: Region X2Y1
-------------------------------------------------------------

+-----------+-------+-----------------+------------+-------------+-----------------+-----+--------+------+-----+----+------+-----+---------+---------------------------------------------------------------------------+
| Global Id | Track | Driver Type/Pin | Constraint | Clock Loads | Non-Clock Loads | FF  | LUTRAM | RAMB | DSP | GT | MMCM | PLL | Hard IP | Net                                                                       |
+-----------+-------+-----------------+------------+-------------+-----------------+-----+--------+------+-----+----+------+-----+---------+---------------------------------------------------------------------------+
| g0        | 8     | BUFGCE/O        | None       |         930 |               0 | 912 |     11 |    7 |   0 |  0 |    0 |   0 |       0 | clk_rf_2x_reg_BUFG                                                        |
| g1+       | 14    | BUFGCE/O        | None       |           0 |               0 |   0 |      0 |    0 |   0 |  0 |    0 |   0 |       0 | clk_wiz_0/inst/clk_out1                                                   |
| g9        | 4     | BUFGCE/O        | None       |           0 |             146 | 146 |      0 |    0 |   0 |  0 |    0 |   0 |       0 | design_1_wrapper_0/design_1_i/rst_clk_wiz_0_100M/U0/peripheral_aresetn[0] |
+-----------+-------+-----------------+------------+-------------+-----------------+-----+--------+------+-----+----+------+-----+---------+---------------------------------------------------------------------------+
* Clock Loads column represents the clock pin loads (pin count)
** Non-Clock Loads column represents the non-clock pin loads (pin count)
*** Columns FF, LUTRAM, RAMB through 'Hard IP' represents load cell counts
**** In Global Id column, sympbol '+' indicates that global clock was used only to route through the clock region.


21. Clock Region Cell Placement per Global Clock: Region X3Y1
-------------------------------------------------------------

+-----------+-------+-----------------+------------+-------------+-----------------+-----+--------+------+-----+----+------+-----+---------+---------------------------------------------------------------------------+
| Global Id | Track | Driver Type/Pin | Constraint | Clock Loads | Non-Clock Loads | FF  | LUTRAM | RAMB | DSP | GT | MMCM | PLL | Hard IP | Net                                                                       |
+-----------+-------+-----------------+------------+-------------+-----------------+-----+--------+------+-----+----+------+-----+---------+---------------------------------------------------------------------------+
| g0        | 8     | BUFGCE/O        | None       |         637 |               0 | 636 |      0 |    1 |   0 |  0 |    0 |   0 |       0 | clk_rf_2x_reg_BUFG                                                        |
| g3        | 20    | BUFGCE/O        | None       |         159 |               0 | 159 |      0 |    0 |   0 |  0 |    0 |   0 |       0 | dbg_hub/inst/BSCANID.u_xsdbm_id/itck_i                                    |
| g4+       | 1     | BUFGCE/O        | None       |           0 |               0 |   0 |      0 |    0 |   0 |  0 |    0 |   0 |       0 | clk_wiz_0/inst/clk_out2                                                   |
| g9        | 4     | BUFGCE/O        | None       |           0 |             181 | 181 |      0 |    0 |   0 |  0 |    0 |   0 |       0 | design_1_wrapper_0/design_1_i/rst_clk_wiz_0_100M/U0/peripheral_aresetn[0] |
+-----------+-------+-----------------+------------+-------------+-----------------+-----+--------+------+-----+----+------+-----+---------+---------------------------------------------------------------------------+
* Clock Loads column represents the clock pin loads (pin count)
** Non-Clock Loads column represents the non-clock pin loads (pin count)
*** Columns FF, LUTRAM, RAMB through 'Hard IP' represents load cell counts
**** In Global Id column, sympbol '+' indicates that global clock was used only to route through the clock region.


22. Clock Region Cell Placement per Global Clock: Region X1Y2
-------------------------------------------------------------

+-----------+-------+-----------------+------------+-------------+-----------------+----+--------+------+-----+----+------+-----+---------+------------------------+
| Global Id | Track | Driver Type/Pin | Constraint | Clock Loads | Non-Clock Loads | FF | LUTRAM | RAMB | DSP | GT | MMCM | PLL | Hard IP | Net                    |
+-----------+-------+-----------------+------------+-------------+-----------------+----+--------+------+-----+----+------+-----+---------+------------------------+
| g2        | 0     | BUFGCE/O        | None       |           6 |               0 |  6 |      0 |    0 |   0 |  0 |    0 |   0 |       0 | syspll_0/inst/clk_out2 |
+-----------+-------+-----------------+------------+-------------+-----------------+----+--------+------+-----+----+------+-----+---------+------------------------+
* Clock Loads column represents the clock pin loads (pin count)
** Non-Clock Loads column represents the non-clock pin loads (pin count)
*** Columns FF, LUTRAM, RAMB through 'Hard IP' represents load cell counts


23. Clock Region Cell Placement per Global Clock: Region X2Y2
-------------------------------------------------------------

+-----------+-------+-----------------+------------+-------------+-----------------+------+--------+------+-----+----+------+-----+---------+---------------------------------------------------------------------------+
| Global Id | Track | Driver Type/Pin | Constraint | Clock Loads | Non-Clock Loads | FF   | LUTRAM | RAMB | DSP | GT | MMCM | PLL | Hard IP | Net                                                                       |
+-----------+-------+-----------------+------------+-------------+-----------------+------+--------+------+-----+----+------+-----+---------+---------------------------------------------------------------------------+
| g0        | 8     | BUFGCE/O        | None       |        2561 |               0 | 2510 |     24 |   27 |   0 |  0 |    0 |   0 |       0 | clk_rf_2x_reg_BUFG                                                        |
| g1+       | 14    | BUFGCE/O        | None       |           0 |               0 |    0 |      0 |    0 |   0 |  0 |    0 |   0 |       0 | clk_wiz_0/inst/clk_out1                                                   |
| g2+       | 0     | BUFGCE/O        | None       |           0 |               0 |    0 |      0 |    0 |   0 |  0 |    0 |   0 |       0 | syspll_0/inst/clk_out2                                                    |
| g9        | 4     | BUFGCE/O        | None       |           0 |             606 |  606 |      0 |    0 |   0 |  0 |    0 |   0 |       0 | design_1_wrapper_0/design_1_i/rst_clk_wiz_0_100M/U0/peripheral_aresetn[0] |
+-----------+-------+-----------------+------------+-------------+-----------------+------+--------+------+-----+----+------+-----+---------+---------------------------------------------------------------------------+
* Clock Loads column represents the clock pin loads (pin count)
** Non-Clock Loads column represents the non-clock pin loads (pin count)
*** Columns FF, LUTRAM, RAMB through 'Hard IP' represents load cell counts
**** In Global Id column, sympbol '+' indicates that global clock was used only to route through the clock region.


24. Clock Region Cell Placement per Global Clock: Region X3Y2
-------------------------------------------------------------

+-----------+-------+-----------------+------------+-------------+-----------------+------+--------+------+-----+----+------+-----+---------+---------------------------------------------------------------------------+
| Global Id | Track | Driver Type/Pin | Constraint | Clock Loads | Non-Clock Loads | FF   | LUTRAM | RAMB | DSP | GT | MMCM | PLL | Hard IP | Net                                                                       |
+-----------+-------+-----------------+------------+-------------+-----------------+------+--------+------+-----+----+------+-----+---------+---------------------------------------------------------------------------+
| g0        | 8     | BUFGCE/O        | None       |        4042 |               0 | 3970 |     41 |   31 |   0 |  0 |    0 |   0 |       0 | clk_rf_2x_reg_BUFG                                                        |
| g3+       | 20    | BUFGCE/O        | None       |           0 |               0 |    0 |      0 |    0 |   0 |  0 |    0 |   0 |       0 | dbg_hub/inst/BSCANID.u_xsdbm_id/itck_i                                    |
| g4+       | 1     | BUFGCE/O        | None       |           0 |               0 |    0 |      0 |    0 |   0 |  0 |    0 |   0 |       0 | clk_wiz_0/inst/clk_out2                                                   |
| g5        | 3     | BUFGCE/O        | None       |          21 |               0 |   21 |      0 |    0 |   0 |  0 |    0 |   0 |       0 | syspll_0/inst/clk_out1                                                    |
| g9        | 4     | BUFGCE/O        | None       |           0 |            1104 | 1104 |      0 |    0 |   0 |  0 |    0 |   0 |       0 | design_1_wrapper_0/design_1_i/rst_clk_wiz_0_100M/U0/peripheral_aresetn[0] |
+-----------+-------+-----------------+------------+-------------+-----------------+------+--------+------+-----+----+------+-----+---------+---------------------------------------------------------------------------+
* Clock Loads column represents the clock pin loads (pin count)
** Non-Clock Loads column represents the non-clock pin loads (pin count)
*** Columns FF, LUTRAM, RAMB through 'Hard IP' represents load cell counts
**** In Global Id column, sympbol '+' indicates that global clock was used only to route through the clock region.


25. Clock Region Cell Placement per Global Clock: Region X2Y3
-------------------------------------------------------------

+-----------+-------+-----------------+------------+-------------+-----------------+------+--------+------+-----+----+------+-----+---------+---------------------------------------+
| Global Id | Track | Driver Type/Pin | Constraint | Clock Loads | Non-Clock Loads | FF   | LUTRAM | RAMB | DSP | GT | MMCM | PLL | Hard IP | Net                                   |
+-----------+-------+-----------------+------------+-------------+-----------------+------+--------+------+-----+----+------+-----+---------+---------------------------------------+
| g0        | 8     | BUFGCE/O        | None       |        4447 |               0 | 4446 |      1 |    0 |   0 |  0 |    0 |   0 |       0 | clk_rf_2x_reg_BUFG                    |
| g1+       | 14    | BUFGCE/O        | None       |           0 |               0 |    0 |      0 |    0 |   0 |  0 |    0 |   0 |       0 | clk_wiz_0/inst/clk_out1               |
| g2+       | 0     | BUFGCE/O        | None       |           0 |               0 |    0 |      0 |    0 |   0 |  0 |    0 |   0 |       0 | syspll_0/inst/clk_out2                |
| g7        | 7     | BUFGCE/O        | None       |           0 |             399 |  399 |      0 |    0 |   0 |  0 |    0 |   0 |       0 | PSS_Searcher_0/Matched_Filter_2/STATE |
+-----------+-------+-----------------+------------+-------------+-----------------+------+--------+------+-----+----+------+-----+---------+---------------------------------------+
* Clock Loads column represents the clock pin loads (pin count)
** Non-Clock Loads column represents the non-clock pin loads (pin count)
*** Columns FF, LUTRAM, RAMB through 'Hard IP' represents load cell counts
**** In Global Id column, sympbol '+' indicates that global clock was used only to route through the clock region.


26. Clock Region Cell Placement per Global Clock: Region X3Y3
-------------------------------------------------------------

+-----------+-------+-----------------+------------+-------------+-----------------+------+--------+------+-----+----+------+-----+---------+---------------------------------------------------------------------------+
| Global Id | Track | Driver Type/Pin | Constraint | Clock Loads | Non-Clock Loads | FF   | LUTRAM | RAMB | DSP | GT | MMCM | PLL | Hard IP | Net                                                                       |
+-----------+-------+-----------------+------------+-------------+-----------------+------+--------+------+-----+----+------+-----+---------+---------------------------------------------------------------------------+
| g0        | 8     | BUFGCE/O        | None       |        6753 |               0 | 6742 |      4 |    7 |   0 |  0 |    0 |   0 |       0 | clk_rf_2x_reg_BUFG                                                        |
| g2+       | 0     | BUFGCE/O        | None       |           0 |               0 |    0 |      0 |    0 |   0 |  0 |    0 |   0 |       0 | syspll_0/inst/clk_out2                                                    |
| g3+       | 20    | BUFGCE/O        | None       |           0 |               0 |    0 |      0 |    0 |   0 |  0 |    0 |   0 |       0 | dbg_hub/inst/BSCANID.u_xsdbm_id/itck_i                                    |
| g4+       | 1     | BUFGCE/O        | None       |           0 |               0 |    0 |      0 |    0 |   0 |  0 |    0 |   0 |       0 | clk_wiz_0/inst/clk_out2                                                   |
| g5        | 3     | BUFGCE/O        | None       |          16 |               0 |   16 |      0 |    0 |   0 |  0 |    0 |   0 |       0 | syspll_0/inst/clk_out1                                                    |
| g6        | 6     | BUFGCE/O        | None       |           0 |              34 |   34 |      0 |    0 |   0 |  0 |    0 |   0 |       0 | PSS_Searcher_0/Matched_Filter_1/STATE                                     |
| g7        | 7     | BUFGCE/O        | None       |           0 |             625 |  625 |      0 |    0 |   0 |  0 |    0 |   0 |       0 | PSS_Searcher_0/Matched_Filter_2/STATE                                     |
| g8        | 2     | BUFGCE/O        | None       |           0 |               1 |    0 |      0 |    0 |   0 |  0 |    1 |   0 |       0 | clk_26mhz                                                                 |
| g9        | 4     | BUFGCE/O        | None       |           0 |               6 |    6 |      0 |    0 |   0 |  0 |    0 |   0 |       0 | design_1_wrapper_0/design_1_i/rst_clk_wiz_0_100M/U0/peripheral_aresetn[0] |
+-----------+-------+-----------------+------------+-------------+-----------------+------+--------+------+-----+----+------+-----+---------+---------------------------------------------------------------------------+
* Clock Loads column represents the clock pin loads (pin count)
** Non-Clock Loads column represents the non-clock pin loads (pin count)
*** Columns FF, LUTRAM, RAMB through 'Hard IP' represents load cell counts
**** In Global Id column, sympbol '+' indicates that global clock was used only to route through the clock region.


27. Clock Region Cell Placement per Global Clock: Region X2Y4
-------------------------------------------------------------

+-----------+-------+-----------------+------------+-------------+-----------------+------+--------+------+-----+----+------+-----+---------+---------------------------------------+
| Global Id | Track | Driver Type/Pin | Constraint | Clock Loads | Non-Clock Loads | FF   | LUTRAM | RAMB | DSP | GT | MMCM | PLL | Hard IP | Net                                   |
+-----------+-------+-----------------+------------+-------------+-----------------+------+--------+------+-----+----+------+-----+---------+---------------------------------------+
| g0        | 8     | BUFGCE/O        | None       |        3212 |               0 | 3212 |      0 |    0 |   0 |  0 |    0 |   0 |       0 | clk_rf_2x_reg_BUFG                    |
| g1        | 14    | BUFGCE/O        | None       |          32 |               0 |   31 |      1 |    0 |   0 |  0 |    0 |   0 |       0 | clk_wiz_0/inst/clk_out1               |
| g2        | 0     | BUFGCE/O        | None       |          17 |               0 |   17 |      0 |    0 |   0 |  0 |    0 |   0 |       0 | syspll_0/inst/clk_out2                |
| g6        | 6     | BUFGCE/O        | None       |           0 |             345 |  345 |      0 |    0 |   0 |  0 |    0 |   0 |       0 | PSS_Searcher_0/Matched_Filter_1/STATE |
+-----------+-------+-----------------+------------+-------------+-----------------+------+--------+------+-----+----+------+-----+---------+---------------------------------------+
* Clock Loads column represents the clock pin loads (pin count)
** Non-Clock Loads column represents the non-clock pin loads (pin count)
*** Columns FF, LUTRAM, RAMB through 'Hard IP' represents load cell counts


28. Clock Region Cell Placement per Global Clock: Region X3Y4
-------------------------------------------------------------

+-----------+-------+-----------------+------------+-------------+-----------------+------+--------+------+-----+----+------+-----+---------+----------------------------------------+
| Global Id | Track | Driver Type/Pin | Constraint | Clock Loads | Non-Clock Loads | FF   | LUTRAM | RAMB | DSP | GT | MMCM | PLL | Hard IP | Net                                    |
+-----------+-------+-----------------+------------+-------------+-----------------+------+--------+------+-----+----+------+-----+---------+----------------------------------------+
| g0        | 8     | BUFGCE/O        | None       |        7613 |               0 | 7612 |      0 |    1 |   0 |  0 |    0 |   0 |       0 | clk_rf_2x_reg_BUFG                     |
| g1        | 14    | BUFGCE/O        | None       |         126 |               0 |  106 |      5 |   15 |   0 |  0 |    0 |   0 |       0 | clk_wiz_0/inst/clk_out1                |
| g2        | 0     | BUFGCE/O        | None       |         139 |               0 |   92 |     32 |   15 |   0 |  0 |    0 |   0 |       0 | syspll_0/inst/clk_out2                 |
| g3+       | 20    | BUFGCE/O        | None       |           0 |               0 |    0 |      0 |    0 |   0 |  0 |    0 |   0 |       0 | dbg_hub/inst/BSCANID.u_xsdbm_id/itck_i |
| g4        | 1     | BUFGCE/O        | None       |          13 |               0 |   13 |      0 |    0 |   0 |  0 |    0 |   0 |       0 | clk_wiz_0/inst/clk_out2                |
| g6        | 6     | BUFGCE/O        | None       |           0 |             645 |  645 |      0 |    0 |   0 |  0 |    0 |   0 |       0 | PSS_Searcher_0/Matched_Filter_1/STATE  |
+-----------+-------+-----------------+------------+-------------+-----------------+------+--------+------+-----+----+------+-----+---------+----------------------------------------+
* Clock Loads column represents the clock pin loads (pin count)
** Non-Clock Loads column represents the non-clock pin loads (pin count)
*** Columns FF, LUTRAM, RAMB through 'Hard IP' represents load cell counts
**** In Global Id column, sympbol '+' indicates that global clock was used only to route through the clock region.


29. Clock Region Cell Placement per Global Clock: Region X2Y5
-------------------------------------------------------------

+-----------+-------+-----------------+------------+-------------+-----------------+------+--------+------+-----+----+------+-----+---------+-------------------------+
| Global Id | Track | Driver Type/Pin | Constraint | Clock Loads | Non-Clock Loads | FF   | LUTRAM | RAMB | DSP | GT | MMCM | PLL | Hard IP | Net                     |
+-----------+-------+-----------------+------------+-------------+-----------------+------+--------+------+-----+----+------+-----+---------+-------------------------+
| g0+       | 8     | BUFGCE/O        | None       |           0 |               0 |    0 |      0 |    0 |   0 |  0 |    0 |   0 |       0 | clk_rf_2x_reg_BUFG      |
| g1        | 14    | BUFGCE/O        | None       |        1822 |               0 | 1786 |     36 |    0 |   0 |  0 |    0 |   0 |       0 | clk_wiz_0/inst/clk_out1 |
| g2        | 0     | BUFGCE/O        | None       |         194 |               0 |  194 |      0 |    0 |   0 |  0 |    0 |   0 |       0 | syspll_0/inst/clk_out2  |
+-----------+-------+-----------------+------------+-------------+-----------------+------+--------+------+-----+----+------+-----+---------+-------------------------+
* Clock Loads column represents the clock pin loads (pin count)
** Non-Clock Loads column represents the non-clock pin loads (pin count)
*** Columns FF, LUTRAM, RAMB through 'Hard IP' represents load cell counts
**** In Global Id column, sympbol '+' indicates that global clock was used only to route through the clock region.


30. Clock Region Cell Placement per Global Clock: Region X3Y5
-------------------------------------------------------------

+-----------+-------+-----------------+------------+-------------+-----------------+------+--------+------+-----+----+------+-----+---------+----------------------------------------+
| Global Id | Track | Driver Type/Pin | Constraint | Clock Loads | Non-Clock Loads | FF   | LUTRAM | RAMB | DSP | GT | MMCM | PLL | Hard IP | Net                                    |
+-----------+-------+-----------------+------------+-------------+-----------------+------+--------+------+-----+----+------+-----+---------+----------------------------------------+
| g0        | 8     | BUFGCE/O        | None       |         160 |               0 |  160 |      0 |    0 |   0 |  0 |    0 |   0 |       0 | clk_rf_2x_reg_BUFG                     |
| g1        | 14    | BUFGCE/O        | None       |        1558 |               0 | 1533 |     25 |    0 |   0 |  0 |    0 |   0 |       0 | clk_wiz_0/inst/clk_out1                |
| g2        | 0     | BUFGCE/O        | None       |         131 |               0 |  131 |      0 |    0 |   0 |  0 |    0 |   0 |       0 | syspll_0/inst/clk_out2                 |
| g3        | 20    | BUFGCE/O        | None       |         296 |               0 |  296 |      0 |    0 |   0 |  0 |    0 |   0 |       0 | dbg_hub/inst/BSCANID.u_xsdbm_id/itck_i |
| g4        | 1     | BUFGCE/O        | None       |          30 |               0 |   30 |      0 |    0 |   0 |  0 |    0 |   0 |       0 | clk_wiz_0/inst/clk_out2                |
+-----------+-------+-----------------+------------+-------------+-----------------+------+--------+------+-----+----+------+-----+---------+----------------------------------------+
* Clock Loads column represents the clock pin loads (pin count)
** Non-Clock Loads column represents the non-clock pin loads (pin count)
*** Columns FF, LUTRAM, RAMB through 'Hard IP' represents load cell counts


31. Clock Region Cell Placement per Global Clock: Region X3Y6
-------------------------------------------------------------

+-----------+-------+-----------------+------------+-------------+-----------------+----+--------+------+-----+----+------+-----+---------+----------------------------------------+
| Global Id | Track | Driver Type/Pin | Constraint | Clock Loads | Non-Clock Loads | FF | LUTRAM | RAMB | DSP | GT | MMCM | PLL | Hard IP | Net                                    |
+-----------+-------+-----------------+------------+-------------+-----------------+----+--------+------+-----+----+------+-----+---------+----------------------------------------+
| g3        | 20    | BUFGCE/O        | None       |           7 |               0 |  7 |      0 |    0 |   0 |  0 |    0 |   0 |       0 | dbg_hub/inst/BSCANID.u_xsdbm_id/itck_i |
+-----------+-------+-----------------+------------+-------------+-----------------+----+--------+------+-----+----+------+-----+---------+----------------------------------------+
* Clock Loads column represents the clock pin loads (pin count)
** Non-Clock Loads column represents the non-clock pin loads (pin count)
*** Columns FF, LUTRAM, RAMB through 'Hard IP' represents load cell counts


