#-----------------------------------------------------------
# Webtalk v2018.3 (64-bit)
# SW Build 2405991 on Thu Dec  6 23:38:27 MST 2018
# 
# Start of session at: Thu Jun  4 18:56:47 2020
# Process ID: 15552
# Current directory: C:/Users/Admin/Documents/Project/PSS_Searcher_v7/HELPS_vf_pss_rev_13/HELPS_vf_pss_rev_13.sdk/webtalk
# Command line: wbtcv.exe -mode batch -source sdk_webtalk.tcl
# Log file: C:/Users/Admin/Documents/Project/PSS_Searcher_v7/HELPS_vf_pss_rev_13/HELPS_vf_pss_rev_13.sdk/webtalk/webtalk.log
# Journal file: C:/Users/Admin/Documents/Project/PSS_Searcher_v7/HELPS_vf_pss_rev_13/HELPS_vf_pss_rev_13.sdk/webtalk\webtalk.jou
#-----------------------------------------------------------
source sdk_webtalk.tcl
# webtalk_init -webtalk_dir C:\\Users\\Admin\\Documents\\Project\\PSS_Searcher_v7\\HELPS_vf_pss_rev_13\\HELPS_vf_pss_rev_13.sdk\\webtalk
# webtalk_register_client -client project
# webtalk_add_data -client project -key date_generated -value "2020-06-04 18:56:45" -context "software_version_and_target_device"
# webtalk_add_data -client project -key product_version -value "SDK v2018.3" -context "software_version_and_target_device"
# webtalk_add_data -client project -key build_version -value "2018.3" -context "software_version_and_target_device"
# webtalk_add_data -client project -key os_platform -value "amd64" -context "software_version_and_target_device"
# webtalk_add_data -client project -key registration_id -value "211958915_1777554368_210726184_002" -context "software_version_and_target_device"
# webtalk_add_data -client project -key tool_flow -value "SDK" -context "software_version_and_target_device"
# webtalk_add_data -client project -key beta -value "false" -context "software_version_and_target_device"
# webtalk_add_data -client project -key route_design -value "NA" -context "software_version_and_target_device"
# webtalk_add_data -client project -key target_family -value "NA" -context "software_version_and_target_device"
# webtalk_add_data -client project -key target_device -value "NA" -context "software_version_and_target_device"
# webtalk_add_data -client project -key target_package -value "NA" -context "software_version_and_target_device"
# webtalk_add_data -client project -key target_speed -value "NA" -context "software_version_and_target_device"
# webtalk_add_data -client project -key random_id -value "gdic4o8kbf6iu77trda6ht77a3" -context "software_version_and_target_device"
# webtalk_add_data -client project -key project_id -value "2018.3_14" -context "software_version_and_target_device"
# webtalk_add_data -client project -key project_iteration -value "14" -context "software_version_and_target_device"
# webtalk_add_data -client project -key os_name -value "Microsoft Windows 8 or later , 64-bit" -context "user_environment"
# webtalk_add_data -client project -key os_release -value "major release  (build 9200)" -context "user_environment"
# webtalk_add_data -client project -key cpu_name -value "Intel(R) Core(TM) i7-7500U CPU @ 2.70GHz" -context "user_environment"
# webtalk_add_data -client project -key cpu_speed -value "2904 MHz" -context "user_environment"
# webtalk_add_data -client project -key total_processors -value "1" -context "user_environment"
# webtalk_add_data -client project -key system_ram -value "17.055 GB" -context "user_environment"
# webtalk_register_client -client sdk
# webtalk_add_data -client sdk -key uid -value "1591264132401" -context "sdk\\\\hardware/1591264132401"
# webtalk_add_data -client sdk -key isZynq -value "false" -context "sdk\\\\hardware/1591264132401"
# webtalk_add_data -client sdk -key isZynqMP -value "true" -context "sdk\\\\hardware/1591264132401"
# webtalk_add_data -client sdk -key Processors -value "7" -context "sdk\\\\hardware/1591264132401"
# webtalk_add_data -client sdk -key VivadoVersion -value "2018.3" -context "sdk\\\\hardware/1591264132401"
# webtalk_add_data -client sdk -key Arch -value "zynquplus" -context "sdk\\\\hardware/1591264132401"
# webtalk_add_data -client sdk -key Device -value "xczu9eg" -context "sdk\\\\hardware/1591264132401"
# webtalk_add_data -client sdk -key IsHandoff -value "true" -context "sdk\\\\hardware/1591264132401"
# webtalk_add_data -client sdk -key os -value "NA" -context "sdk\\\\hardware/1591264132401"
# webtalk_add_data -client sdk -key apptemplate -value "NA" -context "sdk\\\\hardware/1591264132401"
# webtalk_add_data -client sdk -key RecordType -value "HWCreation" -context "sdk\\\\hardware/1591264132401"
# webtalk_add_data -client sdk -key uid -value "1591264525386" -context "sdk\\\\bsp/1591264525386"
# webtalk_add_data -client sdk -key hwid -value "1591264132401" -context "sdk\\\\bsp/1591264525386"
# webtalk_add_data -client sdk -key os -value "standalone" -context "sdk\\\\bsp/1591264525386"
# webtalk_add_data -client sdk -key apptemplate -value "zynqmp_fsbl" -context "sdk\\\\bsp/1591264525386"
# webtalk_add_data -client sdk -key RecordType -value "BSPCreation" -context "sdk\\\\bsp/1591264525386"
# webtalk_add_data -client sdk -key uid -value "1591264540274" -context "sdk\\\\application/1591264540274"
# webtalk_add_data -client sdk -key hwid -value "1591264132401" -context "sdk\\\\application/1591264540274"
# webtalk_add_data -client sdk -key bspid -value "1591264525386" -context "sdk\\\\application/1591264540274"
# webtalk_add_data -client sdk -key newbsp -value "true" -context "sdk\\\\application/1591264540274"
# webtalk_add_data -client sdk -key os -value "standalone" -context "sdk\\\\application/1591264540274"
# webtalk_add_data -client sdk -key apptemplate -value "zynqmp_fsbl" -context "sdk\\\\application/1591264540274"
# webtalk_add_data -client sdk -key RecordType -value "APPCreation" -context "sdk\\\\application/1591264540274"
# webtalk_add_data -client sdk -key LangUsed -value "C" -context "sdk\\\\application/1591264540274"
# webtalk_add_data -client sdk -key Procused -value "psu_cortexa53" -context "sdk\\\\application/1591264540274"
# webtalk_add_data -client sdk -key projSize -value "99.53125" -context "sdk\\\\application/1591264540274"
# webtalk_add_data -client sdk -key uid -value "NA" -context "sdk\\\\bsp/1591264605774"
# webtalk_add_data -client sdk -key RecordType -value "ToolUsage" -context "sdk\\\\bsp/1591264605774"
# webtalk_add_data -client sdk -key BootgenCount -value "0" -context "sdk\\\\bsp/1591264605774"
# webtalk_add_data -client sdk -key DebugCount -value "0" -context "sdk\\\\bsp/1591264605774"
# webtalk_add_data -client sdk -key PerfCount -value "0" -context "sdk\\\\bsp/1591264605774"
# webtalk_add_data -client sdk -key FlashCount -value "0" -context "sdk\\\\bsp/1591264605774"
# webtalk_add_data -client sdk -key CrossTriggCount -value "0" -context "sdk\\\\bsp/1591264605774"
# webtalk_add_data -client sdk -key QemuDebugCount -value "0" -context "sdk\\\\bsp/1591264605774"
# webtalk_transmit -clientid 908407352 -regid "211958915_1777554368_210726184_002" -xml C:\\Users\\Admin\\Documents\\Project\\PSS_Searcher_v7\\HELPS_vf_pss_rev_13\\HELPS_vf_pss_rev_13.sdk\\webtalk\\usage_statistics_ext_sdk.xml -html C:\\Users\\Admin\\Documents\\Project\\PSS_Searcher_v7\\HELPS_vf_pss_rev_13\\HELPS_vf_pss_rev_13.sdk\\webtalk\\usage_statistics_ext_sdk.html -wdm C:\\Users\\Admin\\Documents\\Project\\PSS_Searcher_v7\\HELPS_vf_pss_rev_13\\HELPS_vf_pss_rev_13.sdk\\webtalk\\sdk_webtalk.wdm -intro "<H3>SDK Usage Report</H3><BR>"
# webtalk_terminate
INFO: [Common 17-206] Exiting Webtalk at Thu Jun  4 18:56:55 2020...
